<?xml version="1.0" encoding="UTF-8"?>
<robot generator="Robot 7.0.1 (Python 3.12.1 on win32)" generated="2024-07-24T20:01:54.841616" rpa="false" schemaversion="5">
<suite id="s1" name="Estrutura" source="C:\Users\Matheus\Aprenda-Robot-Framework\02_Test\estrutura.robot">
<test id="s1-t1" name="Cenário 01: Teste de abrir site YouTube" line="21">
<kw name="abrir site youtube">
<kw name="Open Browser" owner="SeleniumLibrary">
<msg time="2024-07-24T20:01:55.069014" level="INFO">Opening browser 'chrome' to base url 'https://www.youtube.com'.</msg>
<arg>https://www.youtube.com</arg>
<arg>chrome</arg>
<doc>Opens a new browser instance to the optional ``url``.</doc>
<status status="PASS" start="2024-07-24T20:01:55.069014" elapsed="5.778070"/>
</kw>
<status status="PASS" start="2024-07-24T20:01:55.068013" elapsed="5.779071"/>
</kw>
<kw name="fechar navegador">
<kw name="Close Browser" owner="SeleniumLibrary">
<doc>Closes the current browser.</doc>
<status status="PASS" start="2024-07-24T20:02:00.848080" elapsed="2.327052"/>
</kw>
<status status="PASS" start="2024-07-24T20:02:00.848080" elapsed="2.327052"/>
</kw>
<status status="PASS" start="2024-07-24T20:01:55.068013" elapsed="8.108121"/>
</test>
<test id="s1-t2" name="Cenário 02: Teste de abrir site Google" line="26">
<kw name="abrir site google">
<kw name="Open Browser" owner="SeleniumLibrary">
<msg time="2024-07-24T20:02:03.186653" level="INFO">Opening browser 'chrome' to base url 'https://www.google.com.br'.</msg>
<arg>https://www.google.com.br</arg>
<arg>chrome</arg>
<doc>Opens a new browser instance to the optional ``url``.</doc>
<status status="PASS" start="2024-07-24T20:02:03.186653" elapsed="4.687480"/>
</kw>
<status status="PASS" start="2024-07-24T20:02:03.185653" elapsed="4.688480"/>
</kw>
<kw name="fechar navegador">
<kw name="Close Browser" owner="SeleniumLibrary">
<doc>Closes the current browser.</doc>
<status status="PASS" start="2024-07-24T20:02:07.874133" elapsed="2.211210"/>
</kw>
<status status="PASS" start="2024-07-24T20:02:07.874133" elapsed="2.211210"/>
</kw>
<status status="PASS" start="2024-07-24T20:02:03.184653" elapsed="6.900690"/>
</test>
<status status="PASS" start="2024-07-24T20:01:54.843617" elapsed="15.242726"/>
</suite>
<statistics>
<total>
<stat pass="2" fail="0" skip="0">All Tests</stat>
</total>
<tag>
</tag>
<suite>
<stat pass="2" fail="0" skip="0" id="s1" name="Estrutura">Estrutura</stat>
</suite>
</statistics>
<errors>
</errors>
</robot>
