<?xml version="1.0" encoding="UTF-8"?>
<robot generator="Robot 7.0.1 (Python 3.12.4 on win32)" generated="2024-07-23T16:39:45.309487" rpa="false" schemaversion="5">
<suite id="s1" name="Modelo" source="C:\Users\Matheus\Documents\GitHub\Aprenda-Robot-Framework\01_Test\modelo.robot">
<test id="s1-t1" name="Cenário 1: Acessando o site do Robot" line="12">
<kw name="Abrir Site">
<kw name="Open Browser" owner="SeleniumLibrary">
<msg time="2024-07-23T16:39:45.637144" level="INFO">Opening browser 'chrome' to base url 'https://robotframework.org/'.</msg>
<arg>https://robotframework.org/</arg>
<arg>chrome</arg>
<doc>Opens a new browser instance to the optional ``url``.</doc>
<status status="PASS" start="2024-07-23T16:39:45.637144" elapsed="4.322211"/>
</kw>
<status status="PASS" start="2024-07-23T16:39:45.637144" elapsed="4.329513"/>
</kw>
<status status="PASS" start="2024-07-23T16:39:45.636142" elapsed="4.331515"/>
</test>
<status status="PASS" start="2024-07-23T16:39:45.314430" elapsed="4.654228"/>
</suite>
<statistics>
<total>
<stat pass="1" fail="0" skip="0">All Tests</stat>
</total>
<tag>
</tag>
<suite>
<stat pass="1" fail="0" skip="0" id="s1" name="Modelo">Modelo</stat>
</suite>
</statistics>
<errors>
</errors>
</robot>
